<?xml version="1.0" encoding="UTF-8" ?>
<testsuite errors="1" failures="0" hostname="mahesh-VivoBook-ASUSLaptop-K3502ZA-K3502ZA" name="src.Main_classTest" skipped="0" tests="1" time="0.022" timestamp="2023-12-31T22:49:50">
  <properties>
    <property name="ant.library.dir" value="/usr/share/ant/lib" />
    <property name="env.TERM" value="xterm-256color" />
    <property name="java.specification.version" value="17" />
    <property name="ant.project.name" value="bank_app" />
    <property name="sun.jnu.encoding" value="UTF-8" />
    <property name="sun.arch.data.model" value="64" />
    <property name="env.J2SDKDIR" value="/usr/lib/jvm/java-17-oracle" />
    <property name="debuglevel" value="source,lines,vars" />
    <property name="java.vendor.url" value="https://java.oracle.com/" />
    <property name="env.GNOME_SETUP_DISPLAY" value=":1" />
    <property name="sun.boot.library.path" value="/usr/lib/jvm/java-17-oracle/lib" />
    <property name="sun.java.command" value="org.apache.tools.ant.taskdefs.optional.junit.JUnitTestRunner src.Main_classTest skipNonTests=false filtertrace=true haltOnError=false haltOnFailure=false formatter=org.apache.tools.ant.taskdefs.optional.junit.OutErrSummaryJUnitResultFormatter showoutput=false outputtoformatters=true logfailedtests=true threadid=0 logtestlistenerevents=false formatter=org.apache.tools.ant.taskdefs.optional.junit.XMLJUnitResultFormatter,/home/mahesh/eclipse-workspace/Bank_app/junit/TEST-src.Main_classTest.xml crashfile=/home/mahesh/eclipse-workspace/Bank_app/junitvmwatcher4971928246976941905.properties propsfile=/home/mahesh/eclipse-workspace/Bank_app/junit10848452688820928839.properties" />
    <property name="jdk.debug" value="release" />
    <property name="env.DERBY_HOME" value="/usr/lib/jvm/java-17-oracle/db" />
    <property name="sun.stderr.encoding" value="UTF-8" />
    <property name="java.specification.vendor" value="Oracle Corporation" />
    <property name="java.version.date" value="2023-01-17" />
    <property name="env.JAVA_HOME" value="/usr/lib/jvm/java-17-oracle" />
    <property name="java.home" value="/usr/lib/jvm/java-17-oracle" />
    <property name="env.GDMSESSION" value="ubuntu" />
    <property name="basedir" value="/home/mahesh/eclipse-workspace/Bank_app" />
    <property name="file.separator" value="/" />
    <property name="java.vm.compressedOopsMode" value="Zero based" />
    <property name="sun.stdout.encoding" value="UTF-8" />
    <property name="line.separator" value="&#xa;" />
    <property name="java.specification.name" value="Java Platform API Specification" />
    <property name="java.vm.specification.vendor" value="Oracle Corporation" />
    <property name="env.GNOME_DESKTOP_SESSION_ID" value="this-is-deprecated" />
    <property name="env.LC_TELEPHONE" value="fr_FR.UTF-8" />
    <property name="sun.management.compiler" value="HotSpot 64-Bit Tiered Compilers" />
    <property name="java.runtime.version" value="17.0.6+9-LTS-190" />
    <property name="user.name" value="mahesh" />
    <property name="env.PATH" value="/usr/local/sbin:/usr/local/bin:/usr/sbin:/usr/bin:/sbin:/bin:/usr/games:/usr/local/games:/snap/bin:/snap/bin:/usr/lib/jvm/java-17-oracle/bin:/usr/lib/jvm/java-17-oracle/db/bin" />
    <property name="env.LC_TIME" value="fr_FR.UTF-8" />
    <property name="env.LS_COLORS" value="rs=0:di=01;34:ln=01;36:mh=00:pi=40;33:so=01;35:do=01;35:bd=40;33;01:cd=40;33;01:or=40;31;01:mi=00:su=37;41:sg=30;43:ca=30;41:tw=30;42:ow=34;42:st=37;44:ex=01;32:*.tar=01;31:*.tgz=01;31:*.arc=01;31:*.arj=01;31:*.taz=01;31:*.lha=01;31:*.lz4=01;31:*.lzh=01;31:*.lzma=01;31:*.tlz=01;31:*.txz=01;31:*.tzo=01;31:*.t7z=01;31:*.zip=01;31:*.z=01;31:*.dz=01;31:*.gz=01;31:*.lrz=01;31:*.lz=01;31:*.lzo=01;31:*.xz=01;31:*.zst=01;31:*.tzst=01;31:*.bz2=01;31:*.bz=01;31:*.tbz=01;31:*.tbz2=01;31:*.tz=01;31:*.deb=01;31:*.rpm=01;31:*.jar=01;31:*.war=01;31:*.ear=01;31:*.sar=01;31:*.rar=01;31:*.alz=01;31:*.ace=01;31:*.zoo=01;31:*.cpio=01;31:*.7z=01;31:*.rz=01;31:*.cab=01;31:*.wim=01;31:*.swm=01;31:*.dwm=01;31:*.esd=01;31:*.jpg=01;35:*.jpeg=01;35:*.mjpg=01;35:*.mjpeg=01;35:*.gif=01;35:*.bmp=01;35:*.pbm=01;35:*.pgm=01;35:*.ppm=01;35:*.tga=01;35:*.xbm=01;35:*.xpm=01;35:*.tif=01;35:*.tiff=01;35:*.png=01;35:*.svg=01;35:*.svgz=01;35:*.mng=01;35:*.pcx=01;35:*.mov=01;35:*.mpg=01;35:*.mpeg=01;35:*.m2v=01;35:*.mkv=01;35:*.webm=01;35:*.webp=01;35:*.ogm=01;35:*.mp4=01;35:*.m4v=01;35:*.mp4v=01;35:*.vob=01;35:*.qt=01;35:*.nuv=01;35:*.wmv=01;35:*.asf=01;35:*.rm=01;35:*.rmvb=01;35:*.flc=01;35:*.avi=01;35:*.fli=01;35:*.flv=01;35:*.gl=01;35:*.dl=01;35:*.xcf=01;35:*.xwd=01;35:*.yuv=01;35:*.cgm=01;35:*.emf=01;35:*.ogv=01;35:*.ogx=01;35:*.aac=00;36:*.au=00;36:*.flac=00;36:*.m4a=00;36:*.mid=00;36:*.midi=00;36:*.mka=00;36:*.mp3=00;36:*.mpc=00;36:*.ogg=00;36:*.ra=00;36:*.wav=00;36:*.oga=00;36:*.opus=00;36:*.spx=00;36:*.xspf=00;36:" />
    <property name="ant.file.bank_app" value="/home/mahesh/eclipse-workspace/Bank_app/build.xml" />
    <property name="env.LOGNAME" value="mahesh" />
    <property name="file.encoding" value="UTF-8" />
    <property name="env.LC_IDENTIFICATION" value="fr_FR.UTF-8" />
    <property name="env.LC_NUMERIC" value="fr_FR.UTF-8" />
    <property name="env.DBUS_STARTER_BUS_TYPE" value="session" />
    <property name="env._" value="/usr/bin/ant" />
    <property name="env.SHLVL" value="1" />
    <property name="env.XDG_SESSION_DESKTOP" value="ubuntu" />
    <property name="java.io.tmpdir" value="/tmp" />
    <property name="java.version" value="17.0.6" />
    <property name="env.SSH_AUTH_SOCK" value="/run/user/1000/keyring/ssh" />
    <property name="env.XDG_RUNTIME_DIR" value="/run/user/1000" />
    <property name="java.vm.specification.name" value="Java Virtual Machine Specification" />
    <property name="env.XMODIFIERS" value="@im=ibus" />
    <property name="env.SSH_AGENT_LAUNCHER" value="gnome-keyring" />
    <property name="ant.home" value="/usr/share/ant" />
    <property name="junit.output.dir" value="junit" />
    <property name="env.GNOME_TERMINAL_SCREEN" value="/org/gnome/Terminal/screen/fcdb6606_db7a_49c6_9f68_254607d9fdc4" />
    <property name="native.encoding" value="UTF-8" />
    <property name="ant.version" value="Apache Ant(TM) version 1.10.12 compiled on January 17 1970" />
    <property name="java.library.path" value="/usr/java/packages/lib:/usr/lib64:/lib64:/lib:/usr/lib" />
    <property name="java.vendor" value="Oracle Corporation" />
    <property name="env.XDG_SESSION_TYPE" value="wayland" />
    <property name="env.IM_CONFIG_PHASE" value="1" />
    <property name="sun.io.unicode.encoding" value="UnicodeLittle" />
    <property name="env.J2REDIR" value="/usr/lib/jvm/java-17-oracle" />
    <property name="env.XDG_SESSION_CLASS" value="user" />
    <property name="env.XAUTHORITY" value="/run/user/1000/.mutter-Xwaylandauth.9NW8G2" />
    <property name="env.LC_MEASUREMENT" value="fr_FR.UTF-8" />
    <property name="ant.file.type" value="file" />
    <property name="env.PWD" value="/home/mahesh/eclipse-workspace/Bank_app" />
    <property name="env.SESSION_MANAGER" value="local/mahesh-VivoBook-ASUSLaptop-K3502ZA-K3502ZA:@/tmp/.ICE-unix/2029,unix/mahesh-VivoBook-ASUSLaptop-K3502ZA-K3502ZA:/tmp/.ICE-unix/2029" />
    <property name="env.LANG" value="en_US.UTF-8" />
    <property name="env.LC_NAME" value="fr_FR.UTF-8" />
    <property name="env.LESSOPEN" value="| /usr/bin/lesspipe %s" />
    <property name="java.class.path" value="/home/mahesh/eclipse-workspace/Bank_app:/home/mahesh/eclipse-workspace/Bank_app/lib/junit-jupiter-api_5.10.0.jar:/home/mahesh/eclipse-workspace/Bank_app/lib/junit-jupiter-engine_5.10.0.jar:/home/mahesh/eclipse-workspace/Bank_app/lib/junit-jupiter-migrationsupport_5.10.0.jar:/home/mahesh/eclipse-workspace/Bank_app/lib/junit-jupiter-params_5.10.0.jar:/home/mahesh/eclipse-workspace/Bank_app/lib/junit-platform-commons_1.10.0.jar:/home/mahesh/eclipse-workspace/Bank_app/lib/junit-platform-engine_1.10.0.jar:/home/mahesh/eclipse-workspace/Bank_app/lib/junit-platform-launcher_1.10.0.jar:/home/mahesh/eclipse-workspace/Bank_app/lib/junit-platform-runner_1.10.0.jar:/home/mahesh/eclipse-workspace/Bank_app/lib/junit-platform-suite-api_1.10.0.jar:/home/mahesh/eclipse-workspace/Bank_app/lib/junit-platform-suite-engine_1.10.0.jar:/home/mahesh/eclipse-workspace/Bank_app/lib/junit-platform-suite-commons_1.10.0.jar:/home/mahesh/eclipse-workspace/Bank_app/lib/junit-vintage-engine_5.10.0.jar:/home/mahesh/eclipse-workspace/Bank_app/lib/org.opentest4j_1.3.0.jar:/home/mahesh/eclipse-workspace/Bank_app/lib/org.apiguardian.api_1.1.2.jar:/home/mahesh/eclipse-workspace/Bank_app/lib/org.junit_4.13.2.v20230809-1000.jar:/home/mahesh/eclipse-workspace/Bank_app/lib/org.hamcrest_2.2.0.jar:/home/mahesh/eclipse-workspace/Bank_app/lib/org.hamcrest.core_2.2.0.v20230809-1000.jar:/usr/share/ant/lib/junit.jar:/usr/share/java/ant-launcher-1.10.12.jar:/usr/share/ant/lib/ant.jar:/usr/share/ant/lib/ant-junit.jar:/usr/share/ant/lib/ant-junit4.jar" />
    <property name="env.HOME" value="/home/mahesh" />
    <property name="source" value="17" />
    <property name="env.QT_IM_MODULE" value="ibus" />
    <property name="java.vm.vendor" value="Oracle Corporation" />
    <property name="env.LC_MONETARY" value="fr_FR.UTF-8" />
    <property name="env.XDG_DATA_DIRS" value="/usr/share/ubuntu:/usr/local/share/:/usr/share/:/var/lib/snapd/desktop" />
    <property name="spotbugs.home" value="lib/" />
    <property name="os.name" value="Linux" />
    <property name="java.vm.specification.version" value="17" />
    <property name="env.DISPLAY" value=":0" />
    <property name="user.country" value="US" />
    <property name="sun.java.launcher" value="SUN_STANDARD" />
    <property name="env.QT_ACCESSIBILITY" value="1" />
    <property name="sun.cpu.endian" value="little" />
    <property name="user.home" value="/home/mahesh" />
    <property name="env.DBUS_STARTER_ADDRESS" value="unix:path=/run/user/1000/bus,guid=f6e984b4964f1a94376f70036591efb7" />
    <property name="user.language" value="en" />
    <property name="env.WAYLAND_DISPLAY" value="wayland-0" />
    <property name="ant.file.type.bank_app" value="file" />
    <property name="env.COLORTERM" value="truecolor" />
    <property name="ant.java.version" value="17" />
    <property name="env.LC_PAPER" value="fr_FR.UTF-8" />
    <property name="env.XDG_MENU_PREFIX" value="gnome-" />
    <property name="env.DBUS_SESSION_BUS_ADDRESS" value="unix:path=/run/user/1000/bus,guid=f6e984b4964f1a94376f70036591efb7" />
    <property name="ant.file" value="/home/mahesh/eclipse-workspace/Bank_app/build.xml" />
    <property name="path.separator" value=":" />
    <property name="env.GNOME_TERMINAL_SERVICE" value=":1.105" />
    <property name="os.version" value="6.2.0-39-generic" />
    <property name="java.runtime.name" value="Java(TM) SE Runtime Environment" />
    <property name="ant.project.invoked-targets" value="pit" />
    <property name="java.vm.name" value="Java HotSpot(TM) 64-Bit Server VM" />
    <property name="env.LC_ADDRESS" value="fr_FR.UTF-8" />
    <property name="env.SHELL" value="/bin/bash" />
    <property name="env.LESSCLOSE" value="/usr/bin/lesspipe %s %s" />
    <property name="env.GTK_MODULES" value="gail:atk-bridge" />
    <property name="ant.core.lib" value="/usr/share/ant/lib/ant.jar" />
    <property name="java.vendor.url.bug" value="https://bugreport.java.com/bugreport/" />
    <property name="env.VTE_VERSION" value="6800" />
    <property name="env.XDG_CONFIG_DIRS" value="/etc/xdg/xdg-ubuntu:/etc/xdg" />
    <property name="user.dir" value="/home/mahesh/eclipse-workspace/Bank_app" />
    <property name="os.arch" value="amd64" />
    <property name="env.USERNAME" value="mahesh" />
    <property name="target" value="17" />
    <property name="env.DESKTOP_SESSION" value="ubuntu" />
    <property name="env.XDG_CURRENT_DESKTOP" value="ubuntu:GNOME" />
    <property name="java.vm.info" value="mixed mode, sharing" />
    <property name="java.vm.version" value="17.0.6+9-LTS-190" />
    <property name="env.SYSTEMD_EXEC_PID" value="2029" />
    <property name="env.USER" value="mahesh" />
    <property name="java.class.version" value="61.0" />
    <property name="env.GNOME_SHELL_SESSION_MODE" value="ubuntu" />
    <property name="ant.project.default-target" value="build" />
  </properties>
  <testcase classname="src.Main_classTest" name="initializationError" time="0.002">
    <error message="Invalid test class &apos;src.Main_classTest&apos;:&#xa;  1. The class src.Main_classTest is not public.&#xa;  2. Test class should have exactly one public constructor&#xa;  3. No runnable methods" type="org.junit.runners.model.InvalidTestClassError">org.junit.runners.model.InvalidTestClassError: Invalid test class &apos;src.Main_classTest&apos;:
  1. The class src.Main_classTest is not public.
  2. Test class should have exactly one public constructor
  3. No runnable methods
	at java.base/jdk.internal.reflect.NativeConstructorAccessorImpl.newInstance0(Native Method)
	at java.base/jdk.internal.reflect.NativeConstructorAccessorImpl.newInstance(NativeConstructorAccessorImpl.java:77)
	at java.base/jdk.internal.reflect.DelegatingConstructorAccessorImpl.newInstance(DelegatingConstructorAccessorImpl.java:45)
	at java.base/java.lang.reflect.Constructor.newInstanceWithCaller(Constructor.java:499)
	at java.base/java.lang.reflect.Constructor.newInstance(Constructor.java:480)
</error>
  </testcase>
  <system-out><![CDATA[]]></system-out>
  <system-err><![CDATA[]]></system-err>
</testsuite>
